Determining if the pthread_create exist failed with the following output:
Change Dir: /home/neha/neha_ws2/build/CMakeFiles/CMakeTmp

Run Build Command:"/usr/bin/make" "cmTC_964bd/fast"
/usr/bin/make -f CMakeFiles/cmTC_964bd.dir/build.make CMakeFiles/cmTC_964bd.dir/build
make[1]: Entering directory '/home/neha/neha_ws2/build/CMakeFiles/CMakeTmp'
Building C object CMakeFiles/cmTC_964bd.dir/CheckSymbolExists.c.o
/usr/bin/cc    -o CMakeFiles/cmTC_964bd.dir/CheckSymbolExists.c.o   -c /home/neha/neha_ws2/build/CMakeFiles/CMakeTmp/CheckSymbolExists.c
Linking C executable cmTC_964bd
/usr/bin/cmake -E cmake_link_script CMakeFiles/cmTC_964bd.dir/link.txt --verbose=1
/usr/bin/cc      -rdynamic CMakeFiles/cmTC_964bd.dir/CheckSymbolExists.c.o  -o cmTC_964bd 
CMakeFiles/cmTC_964bd.dir/CheckSymbolExists.c.o: In function `main':
CheckSymbolExists.c:(.text+0x1b): undefined reference to `pthread_create'
collect2: error: ld returned 1 exit status
CMakeFiles/cmTC_964bd.dir/build.make:97: recipe for target 'cmTC_964bd' failed
make[1]: *** [cmTC_964bd] Error 1
make[1]: Leaving directory '/home/neha/neha_ws2/build/CMakeFiles/CMakeTmp'
Makefile:126: recipe for target 'cmTC_964bd/fast' failed
make: *** [cmTC_964bd/fast] Error 2

File /home/neha/neha_ws2/build/CMakeFiles/CMakeTmp/CheckSymbolExists.c:
/* */
#include <pthread.h>

int main(int argc, char** argv)
{
  (void)argv;
#ifndef pthread_create
  return ((int*)(&pthread_create))[argc];
#else
  (void)argc;
  return 0;
#endif
}

Determining if the function pthread_create exists in the pthreads failed with the following output:
Change Dir: /home/neha/neha_ws2/build/CMakeFiles/CMakeTmp

Run Build Command:"/usr/bin/make" "cmTC_e00fe/fast"
/usr/bin/make -f CMakeFiles/cmTC_e00fe.dir/build.make CMakeFiles/cmTC_e00fe.dir/build
make[1]: Entering directory '/home/neha/neha_ws2/build/CMakeFiles/CMakeTmp'
Building C object CMakeFiles/cmTC_e00fe.dir/CheckFunctionExists.c.o
/usr/bin/cc   -DCHECK_FUNCTION_EXISTS=pthread_create   -o CMakeFiles/cmTC_e00fe.dir/CheckFunctionExists.c.o   -c /usr/share/cmake-3.10/Modules/CheckFunctionExists.c
Linking C executable cmTC_e00fe
/usr/bin/cmake -E cmake_link_script CMakeFiles/cmTC_e00fe.dir/link.txt --verbose=1
/usr/bin/cc  -DCHECK_FUNCTION_EXISTS=pthread_create    -rdynamic CMakeFiles/cmTC_e00fe.dir/CheckFunctionExists.c.o  -o cmTC_e00fe -lpthreads 
/usr/bin/ld: cannot find -lpthreads
collect2: error: ld returned 1 exit status
CMakeFiles/cmTC_e00fe.dir/build.make:97: recipe for target 'cmTC_e00fe' failed
make[1]: *** [cmTC_e00fe] Error 1
make[1]: Leaving directory '/home/neha/neha_ws2/build/CMakeFiles/CMakeTmp'
Makefile:126: recipe for target 'cmTC_e00fe/fast' failed
make: *** [cmTC_e00fe/fast] Error 2


